<?xml version="1.0" encoding="UTF-8"?>
<testng-results skipped="0" failed="0" ignored="0" total="6" passed="6">
  <reporter-output>
    <line>
      <![CDATA[tc001 executed]]>
    </line>
    <line>
      <![CDATA[tc002 executed]]>
    </line>
    <line>
      <![CDATA[tc003 executed]]>
    </line>
    <line>
      <![CDATA[tc004 executed]]>
    </line>
    <line>
      <![CDATA[tc005 executed]]>
    </line>
    <line>
      <![CDATA[tc006 executed]]>
    </line>
  </reporter-output>
  <suite name="suite1" duration-ms="31" started-at="2023-01-10T10:41:30 IST" finished-at="2023-01-10T10:41:30 IST">
    <groups>
    </groups>
    <test name="test1" duration-ms="31" started-at="2023-01-10T10:41:30 IST" finished-at="2023-01-10T10:41:30 IST">
      <class name="p2.ClassB">
        <test-method status="PASS" signature="tc004()[pri:0, instance:p2.ClassB@86be70a]" name="tc004" duration-ms="0" started-at="2023-01-10T10:41:30 IST" finished-at="2023-01-10T10:41:30 IST">
          <reporter-output>
            <line>
              <![CDATA[tc004 executed]]>
            </line>
          </reporter-output>
        </test-method> <!-- tc004 -->
        <test-method status="PASS" signature="tc006()[pri:0, instance:p2.ClassB@86be70a]" name="tc006" duration-ms="0" started-at="2023-01-10T10:41:30 IST" finished-at="2023-01-10T10:41:30 IST">
          <reporter-output>
            <line>
              <![CDATA[tc006 executed]]>
            </line>
          </reporter-output>
        </test-method> <!-- tc006 -->
        <test-method status="PASS" signature="tc005()[pri:0, instance:p2.ClassB@86be70a]" name="tc005" duration-ms="0" started-at="2023-01-10T10:41:30 IST" finished-at="2023-01-10T10:41:30 IST">
          <reporter-output>
            <line>
              <![CDATA[tc005 executed]]>
            </line>
          </reporter-output>
        </test-method> <!-- tc005 -->
      </class> <!-- p2.ClassB -->
      <class name="p1.ClassA">
        <test-method status="PASS" signature="tc001()[pri:0, instance:p1.ClassA@30a3107a]" name="tc001" duration-ms="0" started-at="2023-01-10T10:41:30 IST" finished-at="2023-01-10T10:41:30 IST">
          <reporter-output>
            <line>
              <![CDATA[tc001 executed]]>
            </line>
          </reporter-output>
        </test-method> <!-- tc001 -->
        <test-method status="PASS" signature="tc003()[pri:0, instance:p1.ClassA@30a3107a]" name="tc003" duration-ms="0" started-at="2023-01-10T10:41:30 IST" finished-at="2023-01-10T10:41:30 IST">
          <reporter-output>
            <line>
              <![CDATA[tc003 executed]]>
            </line>
          </reporter-output>
        </test-method> <!-- tc003 -->
        <test-method status="PASS" signature="tc002()[pri:0, instance:p1.ClassA@30a3107a]" name="tc002" duration-ms="0" started-at="2023-01-10T10:41:30 IST" finished-at="2023-01-10T10:41:30 IST">
          <reporter-output>
            <line>
              <![CDATA[tc002 executed]]>
            </line>
          </reporter-output>
        </test-method> <!-- tc002 -->
      </class> <!-- p1.ClassA -->
    </test> <!-- test1 -->
  </suite> <!-- suite1 -->
</testng-results>
